Feb 16 05:13:10 41.248.106.59 (pid 25205) mail mohammed.blal@gmail.com
[Forum des Alternatives Maroc] Oubli du mot de passe
From: mohammed.blal@gmail.com (mohammed.blal at gmail.com)
Content-Type: text/plain;charset="utf-8";
Content-Transfer-Encoding: 8bit
Reply-To: mohammed.blal@gmail.com (mohammed.blal at gmail.com)
Message-Id: <1617537611_b42618de2e5e3aab7749ebdb72a75edc@gmail.com>
MIME-Version: 1.0

Feb 23 04:45:51 41.249.9.204 (pid 28812) mail fmas@menara.ma
Test Formulaire contact forumalternatives.org
X-Originating-IP: 41.249.9.204
From: mohammed.blal@gmail.com (mohammed.blal at gmail.com)
Content-Type: text/plain;charset="utf-8";
Content-Transfer-Encoding: 8bit
Reply-To: mohammed.blal@gmail.com (mohammed.blal at gmail.com)
Message-Id: <283651215_a09e683fccd31083695c6d2041052953@gmail.com>
MIME-Version: 1.0

Feb 23 04:51:29 41.249.9.204 (pid 4697) mail fmas@menara.ma
Test Formulaire contact forumalternatives.org arabe
X-Originating-IP: 41.249.9.204
From: mohammed.blal@Gmail.com (mohammed.blal at Gmail.com)
Content-Type: text/plain;charset="utf-8";
Content-Transfer-Encoding: 8bit
Reply-To: mohammed.blal@Gmail.com (mohammed.blal at Gmail.com)
Message-Id: <1332033788_15b6d78e625ab9090d7c9eb67cf49204@Gmail.com>
MIME-Version: 1.0

Mar 01 18:04:54 41.137.23.161 (pid 32673) mail fmas@menara.ma
=?UTF-8?Q?cr=C3=A9ation=20d=27un=20formulaire=20d=27inscription?=
X-Originating-IP: 41.137.23.161
From: houssamic@gmail.com (houssamic at gmail.com)
Content-Type: text/plain;charset="utf-8";
Content-Transfer-Encoding: 8bit
Reply-To: houssamic@gmail.com (houssamic at gmail.com)
Message-Id: <1426817081_56b0e7fa28338ddfa6fc8b7c72bae05a@gmail.com>
MIME-Version: 1.0

Mar 12 03:55:10 41.92.112.136 (pid 31118) mail fmas@menara.ma
DEVENIR COOPERANT
X-Originating-IP: 41.92.112.136
From: zaimyoussef63@yahoo.fr (zaimyoussef63 at yahoo.fr)
Content-Type: text/plain;charset="utf-8";
Content-Transfer-Encoding: 8bit
Reply-To: zaimyoussef63@yahoo.fr (zaimyoussef63 at yahoo.fr)
Message-Id: <1292608030_4c0fcd3a4bbe6c8154eec5a7681a76e4@yahoo.fr>
MIME-Version: 1.0

Mar 15 20:47:55 41.140.249.8 (pid 23475) mail fmas@menara.ma
domande d'emploi
X-Originating-IP: 41.140.249.8
From: ahmedachghil@hotmail.fr (ahmedachghil at hotmail.fr)
Content-Type: text/plain;charset="utf-8";
Content-Transfer-Encoding: 8bit
Reply-To: ahmedachghil@hotmail.fr (ahmedachghil at hotmail.fr)
Message-Id: <1118393870_3d65d027e0b7838cf9db610fa66fca43@hotmail.fr>
MIME-Version: 1.0

Jun 02 16:42:52 41.142.71.193 (pid 32470) mail fmas@menara.ma
=?UTF-8?Q?=D8=B7=D9=84=D8=A8=20=D8=A7=D9=84=D8=A5=D9=86=D8=AE=D8=B1=D8=A7?=
 =?UTF-8?Q?=D8=B7=20=D9=81=D9=8A=20=D9=85=D9=86=D8=AA=D8=AF=D9=89=20=D8=A8?=
 =?UTF-8?Q?=D8=AF=D8=A7=D8=A6=D9=84=20=D8=A7=D9=84=D9=85=D8=BA=D8=B1=D8=A8?=
X-Originating-IP: 41.142.71.193
From: bouyakba@hotmail.com (bouyakba at hotmail.com)
Content-Type: text/plain;charset="utf-8";
Content-Transfer-Encoding: 8bit
Reply-To: bouyakba@hotmail.com (bouyakba at hotmail.com)
Message-Id: <488124205_3020dc53eb5cf9c203a22f041e7b4644@hotmail.com>
MIME-Version: 1.0

Jun 20 05:46:00 41.224.26.48 (pid 9643) mail fmas@menara.ma
forum
X-Originating-IP: 41.224.26.48
From: hseinadel@hotmail.com (hseinadel at hotmail.com)
Content-Type: text/plain;charset="utf-8";
Content-Transfer-Encoding: 8bit
Reply-To: hseinadel@hotmail.com (hseinadel at hotmail.com)
Message-Id: <471669700_8520389c455fa5f3b075e8abd1bdbd32@hotmail.com>
MIME-Version: 1.0

Jun 20 05:55:20 41.224.26.48 (pid 22458) mail fmas@menara.ma
forum
X-Originating-IP: 41.224.26.48
From: hseinadel@hotmail.com (hseinadel at hotmail.com)
Content-Type: text/plain;charset="utf-8";
Content-Transfer-Encoding: 8bit
Reply-To: hseinadel@hotmail.com (hseinadel at hotmail.com)
Message-Id: <470940082_c7a683bd6a1a935215156cc84e6820de@hotmail.com>
MIME-Version: 1.0

Jun 20 22:31:44 41.248.187.40 (pid 20344) mail fmas@menara.ma
=?UTF-8?Q?=D9=86=D8=A7=D8=AF=D9=8A=20=D9=82=D8=B6=D8=A7=D8=A9=20=D8=A7?=
 =?UTF-8?Q?=D9=84=D9=85=D8=BA=D8=B1=D8=A8?=
X-Originating-IP: 41.248.187.40
From: Aziz-nizar10@live.fr (Aziz-nizar10 at live.fr)
Content-Type: text/plain;charset="utf-8";
Content-Transfer-Encoding: 8bit
Reply-To: Aziz-nizar10@live.fr (Aziz-nizar10 at live.fr)
Message-Id: <992390202_cdbc0ffac1b8361f5fecbdf7b1976183@live.fr>
MIME-Version: 1.0

Jun 22 04:16:01 91.207.7.254 (pid 25567) mail fmas@menara.ma
lLRKIM  <a =?UTF-8?Q?href=3D=22http=3A//tsxztwbeegjo=2Ecom/=22=3Etsxztwbe?=
 =?UTF-8?Q?egjo=3C/a=3E=2C=20=5Burl=3Dhttp=3A//tnaidoqujeax=2Ecom/=5Dtnaid?=
 =?UTF-8?Q?oqujeax=5B/url=5D=2C=20=5Blink=3Dhttp=3A//zmlzyamfcjln=2Ecom/?=
 =?UTF-8?Q?=5Dzmlzyamfcjln=5B/link=5D=2C=20http=3A//jkgbpvgspcet=2Ecom/?=
X-Originating-IP: 91.207.7.254
From: epjnpu@zjcrgo.com (epjnpu at zjcrgo.com)
Content-Type: text/plain;charset="utf-8";
Content-Transfer-Encoding: 8bit
Reply-To: epjnpu@zjcrgo.com (epjnpu at zjcrgo.com)
Message-Id: <2093212221_3e09a3b5f1a8fb7b3b8153c7e5f38d08@zjcrgo.com>
MIME-Version: 1.0

Jun 25 11:40:42 91.207.7.254 (pid 1069) mail fmas@menara.ma
kLGcrV  <a =?UTF-8?Q?href=3D=22http=3A//egnfxacbisyc=2Ecom/=22=3Eegnfxacb?=
 =?UTF-8?Q?isyc=3C/a=3E=2C=20=5Burl=3Dhttp=3A//cwsqupmercaf=2Ecom/=5Dcwsqu?=
 =?UTF-8?Q?pmercaf=5B/url=5D=2C=20=5Blink=3Dhttp=3A//ehgorueyrhgb=2Ecom/?=
 =?UTF-8?Q?=5Dehgorueyrhgb=5B/link=5D=2C=20http=3A//nhdlvipluhfz=2Ecom/?=
X-Originating-IP: 91.207.7.254
From: iczhnn@syagkw.com (iczhnn at syagkw.com)
Content-Type: text/plain;charset="utf-8";
Content-Transfer-Encoding: 8bit
Reply-To: iczhnn@syagkw.com (iczhnn at syagkw.com)
Message-Id: <1174017251_32889eb8176a84b35e24df0d770976d3@syagkw.com>
MIME-Version: 1.0

Jun 27 11:22:42 41.251.125.129 (pid 8934) mail fmas@menara.ma
=?UTF-8?Q?=D8=B7=D9=84=D8=A8=20=D8=A7=D9=84=D9=85=D8=B4=D8=A7=D8=B1=D9=83?=
 =?UTF-8?Q?=D8=A9=20=D9=84=D8=A7=D8=A1=D9=84=D9=82=D8=A7=D8=A1=20=D9=85?=
 =?UTF-8?Q?=D8=AD=D8=A7=D8=B8=D8=B1=D8=A9?=
X-Originating-IP: 41.251.125.129
From: amlfm6rd@gmail.com (amlfm6rd at gmail.com)
Content-Type: text/plain;charset="utf-8";
Content-Transfer-Encoding: 8bit
Reply-To: amlfm6rd@gmail.com (amlfm6rd at gmail.com)
Message-Id: <1573065552_2373703b58535583fd371e30644ff5b5@gmail.com>
MIME-Version: 1.0

Jun 30 10:55:42 91.207.7.254 (pid 7028) mail fmas@menara.ma
9RF4Dz =?UTF-8?Q?=5Burl=3Dhttp=3A//healthserviceu=2Enet/=5Dhttp=3A//healt?=
 =?UTF-8?Q?hserviceu=2Enet/=5B/url=5D=20=3Ca=20href=3Dhttp=3A//healthservi?=
 =?UTF-8?Q?ceu=2Enet/=3Ehttp=3A//healthserviceu=2Enet/=3C/a=3E=20http=3A//?=
 =?UTF-8?Q?healthserviceu=2Enet/?=
X-Originating-IP: 91.207.7.254
From: jrqfazlg@gmail.com (jrqfazlg at gmail.com)
Content-Type: text/plain;charset="utf-8";
Content-Transfer-Encoding: 8bit
Reply-To: jrqfazlg@gmail.com (jrqfazlg at gmail.com)
Message-Id: <2109299941_10b4f094a7a265833a985dbc6a67b83e@gmail.com>
MIME-Version: 1.0

Jul 07 09:55:49 91.207.7.254 (pid 1814) mail fmas@menara.ma
O7zLhr Let <a =?UTF-8?Q?href=3D=27http=3A//healthexplores=2Enet/=31=39=39?=
 =?UTF-8?Q?=31/=30=35/=30=36/adsl-over-isdn/=27=3Eadsl=20over=20isdn=3C/a?=
 =?UTF-8?Q?=3E=20verge=20initial=20=3Ca=20href=3D=27http=3A//healthexplore?=
 =?UTF-8?Q?s=2Enet/=31=39=39=31/=30=35/=30=36/monarc-buterfly-fase/=27=3Em?=
 =?UTF-8?Q?onarc=20buterfly=20fase=3C/a=3E=20serpent=20kneading=20=3Ca=20h?=
 =?UTF-8?Q?ref=3D=27http=3A//healthexplores=2Enet/=31=39=39=31/=30=35/=33?=
 =?UTF-8?Q?=31/bupropion/=27=3Ebupropion=3C/a=3E=20harbors=20leafless=20?=
 =?UTF-8?Q?=3Ca=20href=3D=27http=3A//healthexplores=2Enet/=31=39=39=31/=30?=
 =?UTF-8?Q?=37/=30=33/diet-syrup/=27=3Ediet=20syrup=3C/a=3E=20disappeared?=
 =?UTF-8?Q?=20clipped=20=3Ca=20href=3D=27http=3A//healthexplores=2Enet/=31?=
 =?UTF-8?Q?=39=39=31/=30=37/=31=37/reglan-withdrawal-agitation/=27=3Eregla?=
 =?UTF-8?Q?n=20withdrawal=20agitation=3C/a=3E=20adjusting=20ignored=20choo?=
 =?UTF-8?Q?sing=2E?=
X-Originating-IP: 91.207.7.254
From: egygfgvyal@gmail.com (egygfgvyal at gmail.com)
Content-Type: text/plain;charset="utf-8";
Content-Transfer-Encoding: 8bit
Reply-To: egygfgvyal@gmail.com (egygfgvyal at gmail.com)
Message-Id: <947619260_cf2b3874531adebfe51f425de0abf9c5@gmail.com>
MIME-Version: 1.0

Sep 07 18:04:31 86.30.91.21 (pid 20163) mail fmas@menara.ma
Civicus - Arctic sea ice collapse
X-Originating-IP: 86.30.91.21
From: dulanthiperera@gmail.com (dulanthiperera at gmail.com)
Content-Type: text/plain;charset="utf-8";
Content-Transfer-Encoding: 8bit
Reply-To: dulanthiperera@gmail.com (dulanthiperera at gmail.com)
Message-Id: <819422442_ae6c57c471e7ca3f38c7254f2f3d425c@gmail.com>
MIME-Version: 1.0

Sep 22 13:30:09 31.184.238.15 (pid 11509) mail fmas@menara.ma
IC4dyq  <a =?UTF-8?Q?href=3D=22http=3A//quhzycmekuum=2Ecom/=22=3Equhzycme?=
 =?UTF-8?Q?kuum=3C/a=3E=2C=20=5Burl=3Dhttp=3A//xzhlkomemdnx=2Ecom/=5Dxzhlk?=
 =?UTF-8?Q?omemdnx=5B/url=5D=2C=20=5Blink=3Dhttp=3A//mcamjpdfiqzg=2Ecom/?=
 =?UTF-8?Q?=5Dmcamjpdfiqzg=5B/link=5D=2C=20http=3A//xejuzrumravu=2Ecom/?=
X-Originating-IP: 31.184.238.15
From: kambmz@vabaem.com (kambmz at vabaem.com)
Content-Type: text/plain;charset="utf-8";
Content-Transfer-Encoding: 8bit
Reply-To: kambmz@vabaem.com (kambmz at vabaem.com)
Message-Id: <1791257114_27770f47483efdd05654b83be6a583aa@vabaem.com>
MIME-Version: 1.0

Sep 23 04:18:48 31.184.238.9 (pid 25339) mail fmas@menara.ma
349ZLY  <a =?UTF-8?Q?href=3D=22http=3A//fbagypsmznem=2Ecom/=22=3Efbagypsm?=
 =?UTF-8?Q?znem=3C/a=3E=2C=20=5Burl=3Dhttp=3A//osztzpsjmnqv=2Ecom/=5Dosztz?=
 =?UTF-8?Q?psjmnqv=5B/url=5D=2C=20=5Blink=3Dhttp=3A//sgowprwgkcqs=2Ecom/?=
 =?UTF-8?Q?=5Dsgowprwgkcqs=5B/link=5D=2C=20http=3A//giexkjpqrpgk=2Ecom/?=
X-Originating-IP: 31.184.238.9
From: fjrckp@lpmkwf.com (fjrckp at lpmkwf.com)
Content-Type: text/plain;charset="utf-8";
Content-Transfer-Encoding: 8bit
Reply-To: fjrckp@lpmkwf.com (fjrckp at lpmkwf.com)
Message-Id: <1100597185_db5d74f1fda216ded0d20635edc8807b@lpmkwf.com>
MIME-Version: 1.0

Sep 23 14:02:36 31.184.238.15 (pid 25904) mail fmas@menara.ma
EhsnPs  <a =?UTF-8?Q?href=3D=22http=3A//gghxxnfmmupu=2Ecom/=22=3Egghxxnfm?=
 =?UTF-8?Q?mupu=3C/a=3E=2C=20=5Burl=3Dhttp=3A//wwybxgcldpuh=2Ecom/=5Dwwybx?=
 =?UTF-8?Q?gcldpuh=5B/url=5D=2C=20=5Blink=3Dhttp=3A//cnkpbqcimdvi=2Ecom/?=
 =?UTF-8?Q?=5Dcnkpbqcimdvi=5B/link=5D=2C=20http=3A//xgmqntsxqzhi=2Ecom/?=
X-Originating-IP: 31.184.238.15
From: popofz@uedkbb.com (popofz at uedkbb.com)
Content-Type: text/plain;charset="utf-8";
Content-Transfer-Encoding: 8bit
Reply-To: popofz@uedkbb.com (popofz at uedkbb.com)
Message-Id: <2037027702_3c9f670c0242d90770d4dd567a436a31@uedkbb.com>
MIME-Version: 1.0

Sep 23 19:08:42 31.184.238.9 (pid 10968) mail fmas@menara.ma
z7iuXK  <a =?UTF-8?Q?href=3D=22http=3A//qnrewahvcorg=2Ecom/=22=3Eqnrewahv?=
 =?UTF-8?Q?corg=3C/a=3E=2C=20=5Burl=3Dhttp=3A//izotkzjdlkxq=2Ecom/=5Dizotk?=
 =?UTF-8?Q?zjdlkxq=5B/url=5D=2C=20=5Blink=3Dhttp=3A//qndfehyjpdlh=2Ecom/?=
 =?UTF-8?Q?=5Dqndfehyjpdlh=5B/link=5D=2C=20http=3A//gkpmdsbjzeco=2Ecom/?=
X-Originating-IP: 31.184.238.9
From: sbppye@nlmkoq.com (sbppye at nlmkoq.com)
Content-Type: text/plain;charset="utf-8";
Content-Transfer-Encoding: 8bit
Reply-To: sbppye@nlmkoq.com (sbppye at nlmkoq.com)
Message-Id: <1392330535_d8f432f38c5011877321a9db87a70bad@nlmkoq.com>
MIME-Version: 1.0

Sep 25 17:20:38 41.140.57.97 (pid 9530) mail fmas@menara.ma
invitation
X-Originating-IP: 41.140.57.97
From: radczagora@yahoo.fr (radczagora at yahoo.fr)
Content-Type: text/plain;charset="utf-8";
Content-Transfer-Encoding: 8bit
Reply-To: radczagora@yahoo.fr (radczagora at yahoo.fr)
Message-Id: <826026720_360b74b19010c957b52a15e3d0433346@yahoo.fr>
MIME-Version: 1.0

Sep 25 17:20:38 41.140.57.97 (pid 1299) mail fmas@menara.ma
invitation
X-Originating-IP: 41.140.57.97
From: radczagora@yahoo.fr (radczagora at yahoo.fr)
Content-Type: text/plain;charset="utf-8";
Content-Transfer-Encoding: 8bit
Reply-To: radczagora@yahoo.fr (radczagora at yahoo.fr)
Message-Id: <428102089_360b74b19010c957b52a15e3d0433346@yahoo.fr>
MIME-Version: 1.0

Sep 30 11:57:25 41.143.107.26 (pid 2827) mail fmas@menara.ma
Forum sur l'immigration du 04  au 07  septembre2012
 =?UTF-8?Q?=C3=A0=20Oujda=20?=
X-Originating-IP: 41.143.107.26
From: az-ul@hotmail.fr (az-ul at hotmail.fr)
Content-Type: text/plain;charset="utf-8";
Content-Transfer-Encoding: 8bit
Reply-To: az-ul@hotmail.fr (az-ul at hotmail.fr)
Message-Id: <647288141_26632e21730e4c6e3b3dc9f5c6e7ed01@hotmail.fr>
MIME-Version: 1.0

Oct 01 16:37:53 41.143.138.74 (pid 18251) mail fmas@menara.ma
demande
X-Originating-IP: 41.143.138.74
From: ASCULBE@HOTMAIL.COM  (ASCULBE at HOTMAIL.COM )
Content-Type: text/plain;charset="utf-8";
Content-Transfer-Encoding: 8bit
Reply-To: ASCULBE@HOTMAIL.COM  (ASCULBE at HOTMAIL.COM )
Message-Id: <1354612652_c59bae85e822a215283560d34a8c34ea@HOTMAIL.COM>
MIME-Version: 1.0

Oct 04 07:08:07 41.140.231.235 (pid 9984) mail fmas@menara.ma
=?UTF-8?Q?=D8=B7=D9=84=D8=A8=20=D8=A7=D9=84=D8=AA=D8=B3=D8=AC=D9=8A=D9=84?=
 =?UTF-8?Q?=20=D9=81=D9=8A=20=D8=A7=D9=84=D8=AC=D8=A7=D9=85=D8=B9=D8=A9=20?=
 =?UTF-8?Q?=D8=A7=D9=84=D8=AE=D8=B1=D9=8A=D9=81=D9=8A=D8=A9=20=D8=A7=D9=84?=
 =?UTF-8?Q?=D8=AA=D9=8A=20=D8=B3=D8=AA=D9=86=D8=B8=D9=85=20=D8=A3=D9=8A?=
 =?UTF-8?Q?=D8=A7=D9=85=20=31=31-=31=32-=31=33=20=D9=88=20=31=34=20=D8=A3?=
 =?UTF-8?Q?=D9=83=D8=AA=D9=88=D8=A8=D8=B1=20=32=30=31=32=E2=80=8E?=
X-Originating-IP: 41.140.231.235
From: serrou.mohammed@gmail.com (serrou.mohammed at gmail.com)
Content-Type: text/plain;charset="utf-8";
Content-Transfer-Encoding: 8bit
Reply-To: serrou.mohammed@gmail.com (serrou.mohammed at gmail.com)
Message-Id: <1797749962_47ea745ab314b15b945d779bce14d016@gmail.com>
MIME-Version: 1.0

Oct 05 15:18:40 41.95.148.122 (pid 12791) mail fmas@menara.ma
=?UTF-8?Q?=D8=A7=D9=84=D8=A7=D8=B4=D8=AA=D8=B1=D8=A7=D9=83=20=D9=81=D9=8A?=
 =?UTF-8?Q?=20=D8=A7=D9=84=D9=85=D9=86=D8=AA=D8=AF=D9=8A=20?=
X-Originating-IP: 41.95.148.122
From: hadia_gasim@yahoo.com (hadia_gasim at yahoo.com)
Content-Type: text/plain;charset="utf-8";
Content-Transfer-Encoding: 8bit
Reply-To: hadia_gasim@yahoo.com (hadia_gasim at yahoo.com)
Message-Id: <1169016147_44ca3a221461822022e927b804fc873e@yahoo.com>
MIME-Version: 1.0

Oct 07 13:47:09 105.129.4.197 (pid 10454) mail fmas@menara.ma
demande de participation =?UTF-8?Q?=C3=A0=20la=20formation=20en=20m=C3=A9?=
 =?UTF-8?Q?diation?=
X-Originating-IP: 105.129.4.197
From: azahriredouane@gmail.com (azahriredouane at gmail.com)
Content-Type: text/plain;charset="utf-8";
Content-Transfer-Encoding: 8bit
Reply-To: azahriredouane@gmail.com (azahriredouane at gmail.com)
Message-Id: <1656646847_7d7a00e86889bc61a568d06cf96c0432@gmail.com>
MIME-Version: 1.0

Oct 16 05:39:35 41.251.254.138 (pid 24834) mail fmas@menara.ma
information =?UTF-8?Q?d=27adh=C3=A9sion?=
X-Originating-IP: 41.251.254.138
From: moslaayoune@gmail.com (moslaayoune at gmail.com)
Content-Type: text/plain;charset="utf-8";
Content-Transfer-Encoding: 8bit
Reply-To: moslaayoune@gmail.com (moslaayoune at gmail.com)
Message-Id: <966455960_3a9afd6321e941b24f9a186df3cff4f3@gmail.com>
MIME-Version: 1.0

Dec 03 12:43:50 105.152.95.66 (pid 31848) mail fmas@menara.ma
lettre de collaboration et de partenariat
X-Originating-IP: 105.152.95.66
From: S_AmrBrahim@hotmail.com (S_AmrBrahim at hotmail.com)
Content-Type: text/plain;charset="utf-8";
Content-Transfer-Encoding: 8bit
Reply-To: S_AmrBrahim@hotmail.com (S_AmrBrahim at hotmail.com)
Message-Id: <558654409_a6fcaae4897745a2ba1d8c81ab5e165a@hotmail.com>
MIME-Version: 1.0

Dec 14 15:46:53 192.86.100.78 (pid 7188) mail fmas@menara.ma
The World Bank Inspection Panel
X-Originating-IP: 192.86.100.78
From: dzoirova@worldbank.org (dzoirova at worldbank.org)
Content-Type: text/plain;charset="utf-8";
Content-Transfer-Encoding: 8bit
Reply-To: dzoirova@worldbank.org (dzoirova at worldbank.org)
Message-Id: <993344994_8d72b2b60b4414902b69ad5c14a53f1c@worldbank.org>
MIME-Version: 1.0

Dec 16 19:26:43 41.248.151.56 (pid 8091) mail fmas@menara.ma
Demande de rendez-vous pour un entretien
X-Originating-IP: 41.248.151.56
From: bouazza.bouchaffa@hotmail.fr (bouazza.bouchaffa at hotmail.fr)
Content-Type: text/plain;charset="utf-8";
Content-Transfer-Encoding: 8bit
Reply-To: bouazza.bouchaffa@hotmail.fr (bouazza.bouchaffa at hotmail.fr)
Message-Id: <1331045116_a77bed64150ce478afcea321a5e9fb85@hotmail.fr>
MIME-Version: 1.0

Dec 21 15:21:30 105.152.77.128 (pid 11967) mail fmas@menara.ma
Demande de stage de recherche
X-Originating-IP: 105.152.77.128
From: wonderhanae@hotmail.com (wonderhanae at hotmail.com)
Content-Type: text/plain;charset="utf-8";
Content-Transfer-Encoding: 8bit
Reply-To: wonderhanae@hotmail.com (wonderhanae at hotmail.com)
Message-Id: <1808616364_564edcc0a7fe348ae44bff506fd0c3c3@hotmail.com>
MIME-Version: 1.0

Dec 23 14:46:59 41.142.205.32 (pid 13146) mail fmas@menara.ma
Demande
X-Originating-IP: 41.142.205.32
From: yaramni@hotmail.com (yaramni at hotmail.com)
Content-Type: text/plain;charset="utf-8";
Content-Transfer-Encoding: 8bit
Reply-To: yaramni@hotmail.com (yaramni at hotmail.com)
Message-Id: <1248433581_e86938c0bacd800a45e2cb8ceea76b4e@hotmail.com>
MIME-Version: 1.0

Dec 24 11:39:51 91.201.64.27 (pid 18222) mail fmas@menara.ma
HhMtpu  <a =?UTF-8?Q?href=3D=22http=3A//uadjkfgabvup=2Ecom/=22=3Euadjkfga?=
 =?UTF-8?Q?bvup=3C/a=3E=2C=20=5Burl=3Dhttp=3A//uriqrnyfnayd=2Ecom/=5Duriqr?=
 =?UTF-8?Q?nyfnayd=5B/url=5D=2C=20=5Blink=3Dhttp=3A//hafkdttmvjex=2Ecom/?=
 =?UTF-8?Q?=5Dhafkdttmvjex=5B/link=5D=2C=20http=3A//vajgsftrfeqf=2Ecom/?=
X-Originating-IP: 91.201.64.27
From: kirbec@ihbgka.com (kirbec at ihbgka.com)
Content-Type: text/plain;charset="utf-8";
Content-Transfer-Encoding: 8bit
Reply-To: kirbec@ihbgka.com (kirbec at ihbgka.com)
Message-Id: <1713730073_c670e8f3ebce9998d7559f429abd45da@ihbgka.com>
MIME-Version: 1.0

Dec 24 11:39:51 91.201.64.27 (pid 19832) mail fmas@menara.ma
LZTk5n  <a =?UTF-8?Q?href=3D=22http=3A//ljtajrmrhsyn=2Ecom/=22=3Eljtajrmr?=
 =?UTF-8?Q?hsyn=3C/a=3E=2C=20=5Burl=3Dhttp=3A//dqhdzbzkhdhu=2Ecom/=5Ddqhdz?=
 =?UTF-8?Q?bzkhdhu=5B/url=5D=2C=20=5Blink=3Dhttp=3A//gaiwvejwjlhw=2Ecom/?=
 =?UTF-8?Q?=5Dgaiwvejwjlhw=5B/link=5D=2C=20http=3A//wuivrskkjayj=2Ecom/?=
X-Originating-IP: 91.201.64.27
From: esyolt@dbwawo.com (esyolt at dbwawo.com)
Content-Type: text/plain;charset="utf-8";
Content-Transfer-Encoding: 8bit
Reply-To: esyolt@dbwawo.com (esyolt at dbwawo.com)
Message-Id: <340137974_54f350bd453aa0740f81bcc4bf0583ad@dbwawo.com>
MIME-Version: 1.0

Dec 24 11:39:54 91.201.64.27 (pid 19837) mail fmas@menara.ma
iNiBvH  <a =?UTF-8?Q?href=3D=22http=3A//dyygeedkthqk=2Ecom/=22=3Edyygeedk?=
 =?UTF-8?Q?thqk=3C/a=3E=2C=20=5Burl=3Dhttp=3A//dfmnvowkyvkl=2Ecom/=5Ddfmnv?=
 =?UTF-8?Q?owkyvkl=5B/url=5D=2C=20=5Blink=3Dhttp=3A//eftgijsfsxrw=2Ecom/?=
 =?UTF-8?Q?=5Deftgijsfsxrw=5B/link=5D=2C=20http=3A//utimukqdqfdu=2Ecom/?=
X-Originating-IP: 91.201.64.27
From: uosuub@jibdch.com (uosuub at jibdch.com)
Content-Type: text/plain;charset="utf-8";
Content-Transfer-Encoding: 8bit
Reply-To: uosuub@jibdch.com (uosuub at jibdch.com)
Message-Id: <1235300114_e0fde2fcc98e3c60d587a64cf8a968bc@jibdch.com>
MIME-Version: 1.0

Dec 31 05:19:10 41.207.184.25 (pid 21803) mail fmas@menara.ma
Renseignement!
X-Originating-IP: 41.207.184.25
From: m_yanta@yahoo.fr (m_yanta at yahoo.fr)
Content-Type: text/plain;charset="utf-8";
Content-Transfer-Encoding: 8bit
Reply-To: m_yanta@yahoo.fr (m_yanta at yahoo.fr)
Message-Id: <1354681542_b5daf31c6cfe9e1f40ad394e4d48dff5@yahoo.fr>
MIME-Version: 1.0

Dec 31 05:29:42 87.66.176.112 (pid 27140) mail fmas@menara.ma
Demande de rencontre
X-Originating-IP: 87.66.176.112
From: dubois.michel@yahoo.fr (dubois.michel at yahoo.fr)
Content-Type: text/plain;charset="utf-8";
Content-Transfer-Encoding: 8bit
Reply-To: dubois.michel@yahoo.fr (dubois.michel at yahoo.fr)
Message-Id: <1640845130_9f12889a4fa273e15724a4fcd096cd9b@yahoo.fr>
MIME-Version: 1.0

Jan 24 13:57:25 91.232.96.36 (pid 14065) mail fmas@menara.ma
2rand[0,1,1]
X-Originating-IP: 91.232.96.36
From: vqllou@autqjb.com (vqllou at autqjb.com)
Content-Type: text/plain;charset="utf-8";
Content-Transfer-Encoding: 8bit
Reply-To: vqllou@autqjb.com (vqllou at autqjb.com)
Message-Id: <74816929_42e26b72830accf762ffbaee9b1fe613@autqjb.com>
MIME-Version: 1.0

Jan 31 20:19:09 41.141.165.71 (pid 18105) mail fmas@menara.ma
demande d'adehsion
X-Originating-IP: 41.141.165.71
From: redouaneazahriredouane@gmail.com (redouaneazahriredouane at gmail.com)
Content-Type: text/plain;charset="utf-8";
Content-Transfer-Encoding: 8bit
Reply-To: redouaneazahriredouane@gmail.com (redouaneazahriredouane at gmail.com)
Message-Id: <1160390489_4e082ed9e672a12881aef849d60a267d@gmail.com>
MIME-Version: 1.0

Feb 05 09:07:59 41.142.230.45 (pid 32341) mail fmas@menara.ma
=?UTF-8?Q?=D8=B7=D9=84=D8=A8=20=D8=B4=D8=B1=D8=A7=D9=83=D8=A9=20?=
X-Originating-IP: 41.142.230.45
From: asso.dades@netcourrier.com (asso.dades at netcourrier.com)
Content-Type: text/plain;charset="utf-8";
Content-Transfer-Encoding: 8bit
Reply-To: asso.dades@netcourrier.com (asso.dades at netcourrier.com)
Message-Id: <1552707947_43446d86ab4873aec2e7934687446871@netcourrier.com>
MIME-Version: 1.0

Feb 06 00:30:00 178.251.23.178 (pid 9266) mail fmas@menara.ma
colloque sur les radios associatives-communautaires
X-Originating-IP: 178.251.23.178
From: l.anzmam@laposte.net (l.anzmam at laposte.net)
Content-Type: text/plain;charset="utf-8";
Content-Transfer-Encoding: 8bit
Reply-To: l.anzmam@laposte.net (l.anzmam at laposte.net)
Message-Id: <427792915_9183994c0b6fc5da3099b61e3302fe31@laposte.net>
MIME-Version: 1.0

Feb 06 18:28:47 46.118.117.146 (pid 6638) mail fmas@menara.ma
B5CHKn  <a =?UTF-8?Q?href=3D=22http=3A//lqrgkkemkvky=2Ecom/=22=3Elqrgkkem?=
 =?UTF-8?Q?kvky=3C/a=3E=2C=20=5Burl=3Dhttp=3A//zeuuoyizgiso=2Ecom/=5Dzeuuo?=
 =?UTF-8?Q?yizgiso=5B/url=5D=2C=20=5Blink=3Dhttp=3A//gzhetbwtrdte=2Ecom/?=
 =?UTF-8?Q?=5Dgzhetbwtrdte=5B/link=5D=2C=20http=3A//ycbmfjarbzos=2Ecom/?=
X-Originating-IP: 46.118.117.146
From: eqoiwl@inkznk.com (eqoiwl at inkznk.com)
Content-Type: text/plain;charset="utf-8";
Content-Transfer-Encoding: 8bit
Reply-To: eqoiwl@inkznk.com (eqoiwl at inkznk.com)
Message-Id: <1111060831_f4a33f4fb58bfead3b94ce7937a187b9@inkznk.com>
MIME-Version: 1.0

Feb 12 19:06:58 178.251.23.178 (pid 12154) mail fmas@menara.ma
interview pour l'emission TIFFAWINE
X-Originating-IP: 178.251.23.178
From: l.anzmam@laposte.net (l.anzmam at laposte.net)
Content-Type: text/plain;charset="utf-8";
Content-Transfer-Encoding: 8bit
Reply-To: l.anzmam@laposte.net (l.anzmam at laposte.net)
Message-Id: <1114766892_4ace4a9ede8f6d186ecdd73c003de159@laposte.net>
MIME-Version: 1.0

Feb 23 07:23:26 41.143.134.103 (pid 29831) mail fmas@menara.ma
=?UTF-8?Q?=D8=A7=D9=84=D8=A7=D8=AE=D8=A8=D8=A7=D8=B1=20=D8=B9=D9=86=20?=
 =?UTF-8?Q?=D8=A7=D9=84=D8=A7=D9=86=D8=B4=D8=B7=D8=A9=20=20=D8=A7=D9=84?=
 =?UTF-8?Q?=D9=85=D9=86=D8=B8=D9=85=D8=A9=20=D9=85=D9=86=20=D8=B7=D8=B1?=
 =?UTF-8?Q?=D9=81=20=D8=A7=D8=B7=D8=A7=D8=B1=D9=83=D9=85=20=D9=85=D9=86=20?=
 =?UTF-8?Q?=D8=A7=D8=AC=D9=84=20=D8=A7=D9=84=D9=85=D8=B4=D8=A7=D8=B1=D9=83?=
 =?UTF-8?Q?=D8=A9=20?=
X-Originating-IP: 41.143.134.103
From: fadili1985@hotmail.com (fadili1985 at hotmail.com)
Content-Type: text/plain;charset="utf-8";
Content-Transfer-Encoding: 8bit
Reply-To: fadili1985@hotmail.com (fadili1985 at hotmail.com)
Message-Id: <926657863_14153bca2183462a2ddcf734e165e56a@hotmail.com>
MIME-Version: 1.0

Mar 03 15:42:27 41.214.163.53 (pid 3013) mail fmas@menara.ma
demande des informations
X-Originating-IP: 41.214.163.53
From: leila.bendiab@yahoo.fr (leila.bendiab at yahoo.fr)
Content-Type: text/plain;charset="utf-8";
Content-Transfer-Encoding: 8bit
Reply-To: leila.bendiab@yahoo.fr (leila.bendiab at yahoo.fr)
Message-Id: <2055123995_e8ab0d5e6dd611e8a4a3ae343ecc613a@yahoo.fr>
MIME-Version: 1.0

Mar 15 20:25:28 105.140.114.139 (pid 27421) mail fmas@menara.ma
demande d information
X-Originating-IP: 105.140.114.139
From: ajkrirabdellatif@hotmail.com (ajkrirabdellatif at hotmail.com)
Content-Type: text/plain;charset="utf-8";
Content-Transfer-Encoding: 8bit
Reply-To: ajkrirabdellatif@hotmail.com (ajkrirabdellatif at hotmail.com)
Message-Id: <1409186236_329fa1a7e25b4bfc9c66d3aa39efc0b3@hotmail.com>
MIME-Version: 1.0

Mar 19 09:26:00 194.204.208.82 (pid 26532) mail fmas@menara.ma
invitation
X-Originating-IP: 194.204.208.82
From: dahchour68@yahoo.fr (dahchour68 at yahoo.fr)
Content-Type: text/plain;charset="utf-8";
Content-Transfer-Encoding: 8bit
Reply-To: dahchour68@yahoo.fr (dahchour68 at yahoo.fr)
Message-Id: <425898155_33ae6b0938264561f4a64286da46f1a4@yahoo.fr>
MIME-Version: 1.0

Mar 27 04:24:44 41.137.69.192 (pid 10060) mail fmas@menara.ma
demande de conseil juridique
X-Originating-IP: 41.137.69.192
From: laid.brigui@hotmail.com (laid.brigui at hotmail.com)
Content-Type: text/plain;charset="utf-8";
Content-Transfer-Encoding: 8bit
Reply-To: laid.brigui@hotmail.com (laid.brigui at hotmail.com)
Message-Id: <400739327_c7afb71db70f430567d66ba0dec50153@hotmail.com>
MIME-Version: 1.0

Mar 30 20:47:08 41.143.145.121 (pid 26778) mail fmas@menara.ma
=?UTF-8?Q?=D8=B7=D9=84=D8=A8?=
X-Originating-IP: 41.143.145.121
From: fadili1985@hotmail.com (fadili1985 at hotmail.com)
Content-Type: text/plain;charset="utf-8";
Content-Transfer-Encoding: 8bit
Reply-To: fadili1985@hotmail.com (fadili1985 at hotmail.com)
Message-Id: <749615082_47b00b0f2ceb334bc9959219638935d2@hotmail.com>
MIME-Version: 1.0

Apr 04 11:56:44 41.248.131.16 (pid 10370) mail fmas@menara.ma
=?UTF-8?Q?=D8=A7=D9=84=D9=86=D8=B3=D8=A7=D8=A1=20=D8=A7=D9=84=D8=B3=D9=84?=
 =?UTF-8?Q?=D8=A7=D9=84=D9=8A=D8=A7=D8=AA=20?=
X-Originating-IP: 41.248.131.16
From: somaya_212@hotmail.fr (somaya_212 at hotmail.fr)
Content-Type: text/plain;charset="utf-8";
Content-Transfer-Encoding: 8bit
Reply-To: somaya_212@hotmail.fr (somaya_212 at hotmail.fr)
Message-Id: <647752071_2abe0e9bd537e633339754610ac73415@hotmail.fr>
MIME-Version: 1.0

Apr 07 14:33:14 78.250.207.143 (pid 28125) mail fmas@menara.ma
Demande d'entretien pour =?UTF-8?Q?r=C3=A9alisation=20d=27un=20m=C3=A9moi?=
 =?UTF-8?Q?re=20de=20recherche=20sur=20la=20r=C3=A9volte=20des=20femmes=20?=
 =?UTF-8?Q?Soulaliyates?=
X-Originating-IP: 78.250.207.143
From: louise.yvon@laposte.net (louise.yvon at laposte.net)
Content-Type: text/plain;charset="utf-8";
Content-Transfer-Encoding: 8bit
Reply-To: louise.yvon@laposte.net (louise.yvon at laposte.net)
Message-Id: <1815083283_f965248d9f50b533908ad96f3e6bb338@laposte.net>
MIME-Version: 1.0

Apr 11 07:23:12 41.251.109.60 (pid 16606) mail fmas@menara.ma
besoin d'aide
X-Originating-IP: 41.251.109.60
From: milianianas@gmail.com (milianianas at gmail.com)
Content-Type: text/plain;charset="utf-8";
Content-Transfer-Encoding: 8bit
Reply-To: milianianas@gmail.com (milianianas at gmail.com)
Message-Id: <1134137064_e87c426f5f54095bc5094a3cccd29da1@gmail.com>
MIME-Version: 1.0

Apr 16 20:26:50 41.140.96.71 (pid 26771) mail fmas@menara.ma
Voir ce site karine ! RAIDSHOP.NET "Nouveau Annuaire web
 =?UTF-8?Q?marocain=2Csp=C3=A9cialis=C3=A9=20en=20cat=C3=A9gorisation=20de?=
 =?UTF-8?Q?s=20sites=20marchant=20et=20site=20catalogue=20en=20ligne=22?=
X-Originating-IP: 41.140.96.71
From: manager@raidshop.net (manager at raidshop.net)
Content-Type: text/plain;charset="utf-8";
Content-Transfer-Encoding: 8bit
Reply-To: manager@raidshop.net (manager at raidshop.net)
Message-Id: <1935384095_6a1027592eb63d2dbdb75c9f0336c211@raidshop.net>
MIME-Version: 1.0

May 27 09:42:11 41.249.24.76 (pid 6300) mail fmas@menara.ma
=?UTF-8?Q?=D8=AA=D8=A3=D8=B7=D9=8A=D8=B1=20=D9=81=D9=8A=20=D9=86=D8=AF?=
 =?UTF-8?Q?=D9=88=D8=A9?=
X-Originating-IP: 41.249.24.76
From: abdelmoulabouzidi@gmail.com (abdelmoulabouzidi at gmail.com)
Content-Type: text/plain;charset="utf-8";
Content-Transfer-Encoding: 8bit
Reply-To: abdelmoulabouzidi@gmail.com (abdelmoulabouzidi at gmail.com)
Message-Id: <138678236_9db648cadf5387f9c879572fa905a234@gmail.com>
MIME-Version: 1.0

May 27 10:13:45 41.249.24.76 (pid 32141) mail fmas@menara.ma
=?UTF-8?Q?=D8=A7=D9=84=D9=85=D8=B3=D8=A7=D9=87=D9=85=D8=A9=20=D9=81=D9=8A?=
 =?UTF-8?Q?=20=D8=AA=D8=A3=D8=B7=D9=8A=D8=B1=20=D9=86=D8=AF=D9=88=D8=A9=09?=
X-Originating-IP: 41.249.24.76
From: abdelmoulabouzidi@gmail.com (abdelmoulabouzidi at gmail.com)
Content-Type: text/plain;charset="utf-8";
Content-Transfer-Encoding: 8bit
Reply-To: abdelmoulabouzidi@gmail.com (abdelmoulabouzidi at gmail.com)
Message-Id: <1410123673_6fbc352165f4e4b9abc5612383928d50@gmail.com>
MIME-Version: 1.0

Jun 19 11:56:45 41.140.223.234 (pid 15051) mail fmas@menara.ma
Demande d 'information dur les rencontres
X-Originating-IP: 41.140.223.234
From: a.azenkod@map.ma (a.azenkod at map.ma)
Content-Type: text/plain;charset="utf-8";
Content-Transfer-Encoding: 8bit
Reply-To: a.azenkod@map.ma (a.azenkod at map.ma)
Message-Id: <1738698285_609c5a2f0eef6933d6c408364b013fcc@map.ma>
MIME-Version: 1.0

Jun 22 15:13:52 41.142.188.25 (pid 13652) mail fmas@menara.ma
=?UTF-8?Q?=D8=B7=D9=84=D8=A8?=
X-Originating-IP: 41.142.188.25
From: fadili1985@hotmail.com (fadili1985 at hotmail.com)
Content-Type: text/plain;charset="utf-8";
Content-Transfer-Encoding: 8bit
Reply-To: fadili1985@hotmail.com (fadili1985 at hotmail.com)
Message-Id: <749667359_8c7f6f81dde89db48982efb4a07253da@hotmail.com>
MIME-Version: 1.0

Jun 25 18:10:19 41.250.78.129 (pid 20457) mail fmas@menara.ma
remerciement
X-Originating-IP: 41.250.78.129
From: association_wafa@yahoo.fr (association_wafa at yahoo.fr)
Content-Type: text/plain;charset="utf-8";
Content-Transfer-Encoding: 8bit
Reply-To: association_wafa@yahoo.fr (association_wafa at yahoo.fr)
Message-Id: <358232389_030ac1d52dbb89e9debf86b3a5363d89@yahoo.fr>
MIME-Version: 1.0

Jun 28 08:23:50 41.251.1.141 (pid 27573) mail fmas@menara.ma
participation aux assises =?UTF-8?Q?r=C3=A9gionale=20sur=20le=20mouvement?=
 =?UTF-8?Q?=20associatif?=
X-Originating-IP: 41.251.1.141
From: salah.driouch@gmail.com (salah.driouch at gmail.com)
Content-Type: text/plain;charset="utf-8";
Content-Transfer-Encoding: 8bit
Reply-To: salah.driouch@gmail.com (salah.driouch at gmail.com)
Message-Id: <586842878_633079fc03acb4aca6248f2e80a077be@gmail.com>
MIME-Version: 1.0

Jul 17 14:57:00 41.249.141.192 (pid 30806) mail fmas@menara.ma
Tetra Tech-Demande de RDV
X-Originating-IP: 41.249.141.192
From: hindkabaj86@gmail.com (hindkabaj86 at gmail.com)
Content-Type: text/plain;charset="utf-8";
Content-Transfer-Encoding: 8bit
Reply-To: hindkabaj86@gmail.com (hindkabaj86 at gmail.com)
Message-Id: <984662765_8b0223381cc510c0da4d5f9dd9207b41@gmail.com>
MIME-Version: 1.0

Jul 30 10:26:38 196.217.16.158 (pid 25371) mail fmas@menara.ma
recherche un travail
X-Originating-IP: 196.217.16.158
From: abdelmoula_master@hotmail.com (abdelmoula_master at hotmail.com)
Content-Type: text/plain;charset="utf-8";
Content-Transfer-Encoding: 8bit
Reply-To: abdelmoula_master@hotmail.com (abdelmoula_master at hotmail.com)
Message-Id: <1247084177_1b8df2c5f2eb8d432d144decbe56d037@hotmail.com>
MIME-Version: 1.0

Aug 02 10:50:07 41.137.57.128 (pid 29367) mail fmas@menara.ma
=?UTF-8?Q?=D8=B7=D9=84=D8=A8=20=D8=A7=D9=84=D8=AA=D9=83=D9=88=D9=8A=D9=86?=
 =?UTF-8?Q?=20=D9=81=D9=8A=20=D9=85=D8=B9=D9=87=D8=AF=20=D8=A7=D9=84=D8=B9?=
 =?UTF-8?Q?=D8=A7=D9=85=D9=84=D9=8A=D9=86=20=D9=81=D9=8A=20=D9=85=D8=AC?=
 =?UTF-8?Q?=D8=A7=D9=84=20=D8=A7=D9=84=D8=AA=D9=86=D9=85=D9=8A=D8=A9=20?=
X-Originating-IP: 41.137.57.128
From: social.mamedec@hotmail.fr (social.mamedec at hotmail.fr)
Content-Type: text/plain;charset="utf-8";
Content-Transfer-Encoding: 8bit
Reply-To: social.mamedec@hotmail.fr (social.mamedec at hotmail.fr)
Message-Id: <826212900_679a46abb533f8c01d0c061fca983590@hotmail.fr>
MIME-Version: 1.0

Sep 24 12:20:43 41.137.59.61 (pid 25970) mail fmas@menara.ma
sos sos sos
X-Originating-IP: 41.137.59.61
From: latif.zineb@gmail.com (latif.zineb at gmail.com)
Content-Type: text/plain;charset="utf-8";
Content-Transfer-Encoding: 8bit
Reply-To: latif.zineb@gmail.com (latif.zineb at gmail.com)
Message-Id: <1311084313_c3cc0f03a77e6c77cedc059e3e4b45b2@gmail.com>
MIME-Version: 1.0

Sep 26 07:03:47 41.143.185.77 (pid 5672) mail fmas@menara.ma
SOS...SOS...SOS...
X-Originating-IP: 41.143.185.77
From: yyyrayonsoleil99@hotmail.fr (yyyrayonsoleil99 at hotmail.fr)
Content-Type: text/plain;charset="utf-8";
Content-Transfer-Encoding: 8bit
Reply-To: yyyrayonsoleil99@hotmail.fr (yyyrayonsoleil99 at hotmail.fr)
Message-Id: <537182619_1fe40c2eae8cabcdb1fbd659e8658f09@hotmail.fr>
MIME-Version: 1.0

Sep 26 07:20:28 41.143.185.77 (pid 28772) mail fmas@menara.ma
SOS DE L'ITALIE SOS du maroc SOS de moi
X-Originating-IP: 41.143.185.77
From: yyyrayonsoleil99@hotmail.fr (yyyrayonsoleil99 at hotmail.fr)
Content-Type: text/plain;charset="utf-8";
Content-Transfer-Encoding: 8bit
Reply-To: yyyrayonsoleil99@hotmail.fr (yyyrayonsoleil99 at hotmail.fr)
Message-Id: <1999585529_25d3fc20502f14ad302bc3f32ec6ce3f@hotmail.fr>
MIME-Version: 1.0

Sep 26 07:20:29 41.143.185.77 (pid 14341) mail fmas@menara.ma
SOS DE L'ITALIE SOS du maroc SOS de moi
X-Originating-IP: 41.143.185.77
From: yyyrayonsoleil99@hotmail.fr (yyyrayonsoleil99 at hotmail.fr)
Content-Type: text/plain;charset="utf-8";
Content-Transfer-Encoding: 8bit
Reply-To: yyyrayonsoleil99@hotmail.fr (yyyrayonsoleil99 at hotmail.fr)
Message-Id: <573731887_25d3fc20502f14ad302bc3f32ec6ce3f@hotmail.fr>
MIME-Version: 1.0

Oct 09 16:06:38 82.236.7.92 (pid 29388) mail fmas@menara.ma
Ouarzazate
X-Originating-IP: 82.236.7.92
From: indianaj1@free.fr (indianaj1 at free.fr)
Content-Type: text/plain;charset="utf-8";
Content-Transfer-Encoding: 8bit
Reply-To: indianaj1@free.fr (indianaj1 at free.fr)
Message-Id: <905964496_d9282094b9c3da9967b56a3edc74f326@free.fr>
MIME-Version: 1.0

Oct 19 08:40:51 41.140.66.160 (pid 18617) mail fmas@menara.ma
=?UTF-8?Q?=D8=B7=D9=84=D8=A8=20=D8=A7=D9=84=D8=A7=D8=B3=D8=AA=D9=81=D8=A7?=
 =?UTF-8?Q?=D8=AF=D8=A9=20=D9=85=D9=86=20=D8=A7=D9=84=D9=85=D9=86=D8=A7?=
 =?UTF-8?Q?=D8=B8=D8=B1=D8=A7=D8=AA=20=D8=A7=D9=84=D8=AC=D9=87=D9=88=D9=8A?=
 =?UTF-8?Q?=D8=A9=20=D8=A8=D8=AE=D8=B5=D9=88=D8=B5=20=D8=A7=D9=84=D8=AD?=
 =?UTF-8?Q?=D8=B1=D9=83=D8=A9=20=D8=A7=D9=84=D8=AC=D9=85=D8=B9=D9=88=D9=8A?=
 =?UTF-8?Q?=D8=A9=20=D9=88=D8=A7=D9=84=D9=85=D9=82=D8=AA=D8=B6=D9=8A=D8=A7?=
 =?UTF-8?Q?=D8=AA=20=D8=A7=D9=84=D8=AF=D8=B3=D8=AA=D9=88=D8=B1=D9=8A=D8=A9?=
X-Originating-IP: 41.140.66.160
From: associationang@yahoo.fr (associationang at yahoo.fr)
Content-Type: text/plain;charset="utf-8";
Content-Transfer-Encoding: 8bit
Reply-To: associationang@yahoo.fr (associationang at yahoo.fr)
Message-Id: <851083447_08b7ce75243d92497f3052481d1fb6c9@yahoo.fr>
MIME-Version: 1.0

Nov 13 17:27:20 93.8.49.180 (pid 17998) mail fmas@menara.ma
Etude ethnographique de votre association
X-Originating-IP: 93.8.49.180
From: leabutez@gmail.com (leabutez at gmail.com)
Content-Type: text/plain;charset="utf-8";
Content-Transfer-Encoding: 8bit
Reply-To: leabutez@gmail.com (leabutez at gmail.com)
Message-Id: <1189691779_61d96dac4b47e14b2cca70271df7236b@gmail.com>
MIME-Version: 1.0

Nov 23 16:32:15 41.251.33.0 (pid 912) mail fmas@menara.ma
=?UTF-8?Q?=D8=AA=D8=A7=D9=83=D9=8A=D8=AF=20=D8=A7=D9=84=D9=85=D8=B4=D8=A7?=
 =?UTF-8?Q?=D8=B1=D9=83=D8=A9?=
X-Originating-IP: 41.251.33.0
From: ass_monvillage@yahoo.fr (ass_monvillage at yahoo.fr)
Content-Type: text/plain;charset="utf-8";
Content-Transfer-Encoding: 8bit
Reply-To: ass_monvillage@yahoo.fr (ass_monvillage at yahoo.fr)
Message-Id: <334776648_c16c57384ff6973fbd9742b837df6819@yahoo.fr>
MIME-Version: 1.0

Nov 24 17:13:54 41.137.69.16 (pid 29856) mail fmas@menara.ma
=?UTF-8?Q?=D8=A7=D9=84=D9=84=D9=82=D8=A7=D8=A1=20=D8=A7=D9=84=D9=88=D8=B7?=
 =?UTF-8?Q?=D9=86=D9=8A=20=D8=A7=D9=84=D8=AA=D9=81=D8=B5=D9=8A=D9=84=D9=8A?=
 =?UTF-8?Q?=20?=
X-Originating-IP: 41.137.69.16
From: albadilfes@gmail.com (albadilfes at gmail.com)
Content-Type: text/plain;charset="utf-8";
Content-Transfer-Encoding: 8bit
Reply-To: albadilfes@gmail.com (albadilfes at gmail.com)
Message-Id: <863567334_0f2d3913ee9f2dd7964bae9f6900c0af@gmail.com>
MIME-Version: 1.0

Nov 24 18:23:43 196.206.154.7 (pid 4585) mail fmas@menara.ma
=?UTF-8?Q?=D8=B7=D9=84=D8=A8?=
X-Originating-IP: 196.206.154.7
From: moukss.jamal@gmail.com (moukss.jamal at gmail.com)
Content-Type: text/plain;charset="utf-8";
Content-Transfer-Encoding: 8bit
Reply-To: moukss.jamal@gmail.com (moukss.jamal at gmail.com)
Message-Id: <712123198_dccf0770a483ac3ed9de699b897e0ff4@gmail.com>
MIME-Version: 1.0

Nov 25 12:50:51 105.137.9.67 (pid 2802) mail fmas@menara.ma
=?UTF-8?Q?=20=D8=B7=D9=84=D8=A8=20=D8=A7=D9=84=D9=85=D8=B4=D8=A7=D8=B1?=
 =?UTF-8?Q?=D9=83=D8=A9=20=20=D9=88=20=D8=A7=D9=84=D8=AA=D9=86=D8=B3=D9=8A?=
 =?UTF-8?Q?=D9=82=20?=
X-Originating-IP: 105.137.9.67
From: slimani73@hotmail.fr (slimani73 at hotmail.fr)
Content-Type: text/plain;charset="utf-8";
Content-Transfer-Encoding: 8bit
Reply-To: slimani73@hotmail.fr (slimani73 at hotmail.fr)
Message-Id: <346931368_3b449bb20a835e409229ab9a1f3b60dc@hotmail.fr>
MIME-Version: 1.0

Dec 02 17:50:06 105.136.90.6 (pid 30117) mail fmas@menara.ma
demande d'adhesion
X-Originating-IP: 105.136.90.6
From: hakim2604@yahoo.fr (hakim2604 at yahoo.fr)
Content-Type: text/plain;charset="utf-8";
Content-Transfer-Encoding: 8bit
Reply-To: hakim2604@yahoo.fr (hakim2604 at yahoo.fr)
Message-Id: <2110592417_e2e77a5af1800ac714d396bd9508ec6d@yahoo.fr>
MIME-Version: 1.0

Dec 07 16:15:15 41.249.12.143 (pid 20261) mail fmas@menara.ma
=?UTF-8?Q?=D8=AF=D8=B9=D9=88=D8=A9=20=D9=84=D8=AD=D8=B6=D9=88=D8=B1=20?=
 =?UTF-8?Q?=D8=A7=D9=84=D9=89=20=D9=86=D8=AF=D9=88=D8=A9=20=D8=B5=D8=AD?=
 =?UTF-8?Q?=D9=81=D9=8A=D8=A9=20?=
X-Originating-IP: 41.249.12.143
From: lajnaho9o9ia4c@gmail.com (lajnaho9o9ia4c at gmail.com)
Content-Type: text/plain;charset="utf-8";
Content-Transfer-Encoding: 8bit
Reply-To: lajnaho9o9ia4c@gmail.com (lajnaho9o9ia4c at gmail.com)
Message-Id: <1401534065_747b2871377a37b86d351224017e80e8@gmail.com>
MIME-Version: 1.0

Dec 09 15:26:02 41.254.1.98 (pid 32661) mail fmas@menara.ma
=?UTF-8?Q?=D8=AA=D8=B5=D8=AD=D9=8A=D8=AD?=
X-Originating-IP: 41.254.1.98
From: lzawya2013@yahoo.com (lzawya2013 at yahoo.com)
Content-Type: text/plain;charset="utf-8";
Content-Transfer-Encoding: 8bit
Reply-To: lzawya2013@yahoo.com (lzawya2013 at yahoo.com)
Message-Id: <435072149_3aae43e5befed5ed31d683521dfa5b63@yahoo.com>
MIME-Version: 1.0

Dec 27 18:54:08 41.137.74.217 (pid 26000) mail fmas@menara.ma
candidature
X-Originating-IP: 41.137.74.217
From: s_alachari@hotmail.com (s_alachari at hotmail.com)
Content-Type: text/plain;charset="utf-8";
Content-Transfer-Encoding: 8bit
Reply-To: s_alachari@hotmail.com (s_alachari at hotmail.com)
Message-Id: <2105838072_be2b1d040d3f008e18a0c3754db04725@hotmail.com>
MIME-Version: 1.0

Dec 28 10:06:22 41.142.238.62 (pid 27216) mail fmas@menara.ma
Remerciement
X-Originating-IP: 41.142.238.62
From: slimani73@hotmail.fr (slimani73 at hotmail.fr)
Content-Type: text/plain;charset="utf-8";
Content-Transfer-Encoding: 8bit
Reply-To: slimani73@hotmail.fr (slimani73 at hotmail.fr)
Message-Id: <198305477_ed38561637ffb9c01da57a6d30aa0f38@hotmail.fr>
MIME-Version: 1.0

Jan 19 20:10:05 41.142.70.254 (pid 15137) mail fmas@menara.ma
Soyez le changement que vous voulez voir dans le monde!
X-Originating-IP: 41.142.70.254
From: baayti@hotmail.fr (baayti at hotmail.fr)
Content-Type: text/plain;charset="utf-8";
Content-Transfer-Encoding: 8bit
Reply-To: baayti@hotmail.fr (baayti at hotmail.fr)
Message-Id: <432531488_646fe967564a92ed220c37e922438393@hotmail.fr>
MIME-Version: 1.0

Feb 09 11:59:08 41.140.134.6 (pid 8809) mail fmas@menara.ma
=?UTF-8?Q?=D8=B7=D9=84=D8=A8?=
X-Originating-IP: 41.140.134.6
From: ABDELWALID@OUTLOOK.COM (ABDELWALID at OUTLOOK.COM)
Content-Type: text/plain;charset="utf-8";
Content-Transfer-Encoding: 8bit
Reply-To: ABDELWALID@OUTLOOK.COM (ABDELWALID at OUTLOOK.COM)
Message-Id: <1404130391_8b5805ded2511a147d2caefd21b7bc03@OUTLOOK.COM>
MIME-Version: 1.0

Feb 10 16:10:29 41.249.231.8 (pid 7790) mail fmas@menara.ma
Informations
X-Originating-IP: 41.249.231.8
From: tahoriahmed@gmail.com (tahoriahmed at gmail.com)
Content-Type: text/plain;charset="utf-8";
Content-Transfer-Encoding: 8bit
Reply-To: tahoriahmed@gmail.com (tahoriahmed at gmail.com)
Message-Id: <688497120_2c7b7c8b73f68d1e980b33ba39e3cc56@gmail.com>
MIME-Version: 1.0

Feb 11 06:49:07 105.136.140.124 (pid 4468) mail fmas@menara.ma
DEMANDE
X-Originating-IP: 105.136.140.124
From: ABDELWALID@OUTLOOK.COM (ABDELWALID at OUTLOOK.COM)
Content-Type: text/plain;charset="utf-8";
Content-Transfer-Encoding: 8bit
Reply-To: ABDELWALID@OUTLOOK.COM (ABDELWALID at OUTLOOK.COM)
Message-Id: <1158681292_265c7faeb4b9cc98ceb5ed996532c821@OUTLOOK.COM>
MIME-Version: 1.0

Feb 13 09:26:25 197.6.6.253 (pid 29067) mail fmas@menara.ma
Demande de participation
X-Originating-IP: 197.6.6.253
From: makram.bouchaala@yahoo.com (makram.bouchaala at yahoo.com)
Content-Type: text/plain;charset="utf-8";
Content-Transfer-Encoding: 8bit
Reply-To: makram.bouchaala@yahoo.com (makram.bouchaala at yahoo.com)
Message-Id: <1178090289_dba07e701bbfdb59d4c058a494225654@yahoo.com>
MIME-Version: 1.0

Feb 20 03:19:09 91.232.96.8 (pid 11597) mail fmas@menara.ma
As described in the future., <a =?UTF-8?Q?href=3D=22http=3A//x=31=31ciali?=
 =?UTF-8?Q?s-online-pharmacy=2Ecom/=22=3Ebuy=20cialis=20online=20australia?=
 =?UTF-8?Q?=3C/a=3E=2C=20=5Burl=3D=22http=3A//x=31=31cialis-online-pharmac?=
 =?UTF-8?Q?y=2Ecom/=22=5Dbuy=20cialis=20online=20australia=5B/url=5D=2C=20?=
 =?UTF-8?Q?=20cpw=2C=20?=
X-Originating-IP: 91.232.96.8
From: ghzfmxfq@phzszsva.com (ghzfmxfq at phzszsva.com)
Content-Type: text/plain;charset="utf-8";
Content-Transfer-Encoding: 8bit
Reply-To: ghzfmxfq@phzszsva.com (ghzfmxfq at phzszsva.com)
Message-Id: <168625654_b011258eed2a992a39e0a56bb293d61f@phzszsva.com>
MIME-Version: 1.0

Feb 21 08:17:35 41.214.233.103 (pid 9768) mail fmas@menara.ma
information
X-Originating-IP: 41.214.233.103
From: moutai.hanane@gmail.com (moutai.hanane at gmail.com)
Content-Type: text/plain;charset="utf-8";
Content-Transfer-Encoding: 8bit
Reply-To: moutai.hanane@gmail.com (moutai.hanane at gmail.com)
Message-Id: <1437008014_a8fe4fa2e5e5937d88e864e31fdfbf2f@gmail.com>
MIME-Version: 1.0

Feb 22 06:39:38 41.249.207.133 (pid 30296) mail fmas@menara.ma
=?UTF-8?Q?=D8=A5=D9=86=D8=AA=D9=87=D8=A7=D9=83?=
X-Originating-IP: 41.249.207.133
From: abdou.ma2013@live.fr (abdou.ma2013 at live.fr)
Content-Type: text/plain;charset="utf-8";
Content-Transfer-Encoding: 8bit
Reply-To: abdou.ma2013@live.fr (abdou.ma2013 at live.fr)
Message-Id: <361034522_9aedb6242fd7ecb57ef3f6aa4d4b4026@live.fr>
MIME-Version: 1.0

Feb 23 19:36:26 216.151.137.34 (pid 6991) mail fmas@menara.ma
xepUJH  <a =?UTF-8?Q?href=3D=22http=3A//trzkkusokhci=2Ecom/=22=3Etrzkkuso?=
 =?UTF-8?Q?khci=3C/a=3E=2C=20=5Burl=3Dhttp=3A//aowpedchrvff=2Ecom/=5Daowpe?=
 =?UTF-8?Q?dchrvff=5B/url=5D=2C=20=5Blink=3Dhttp=3A//pvbapkeqmsjn=2Ecom/?=
 =?UTF-8?Q?=5Dpvbapkeqmsjn=5B/link=5D=2C=20http=3A//prempsmaoktc=2Ecom/?=
X-Originating-IP: 216.151.137.34
From: lxokou@sjdkgr.com (lxokou at sjdkgr.com)
Content-Type: text/plain;charset="utf-8";
Content-Transfer-Encoding: 8bit
Reply-To: lxokou@sjdkgr.com (lxokou at sjdkgr.com)
Message-Id: <2005621774_5e876db845fbea46f752c6c3074da44c@sjdkgr.com>
MIME-Version: 1.0

Mar 03 06:47:06 105.132.96.142 (pid 3017) mail fmas@menara.ma
demande d'informations au sujet du : appel stop TGV
X-Originating-IP: 105.132.96.142
From: dpc.hatim@yahoo.fr (dpc.hatim at yahoo.fr)
Content-Type: text/plain;charset="utf-8";
Content-Transfer-Encoding: 8bit
Reply-To: dpc.hatim@yahoo.fr (dpc.hatim at yahoo.fr)
Message-Id: <2103257752_4fdd174bd10f86bc6c306eb1ec22fd95@yahoo.fr>
MIME-Version: 1.0

Mar 18 02:03:17 216.151.137.36 (pid 21357) mail fmas@menara.ma
So he preaches the traditional habit of coca leaf chewing., <a
 =?UTF-8?Q?href=3D=22http=3A//xn--the=32=33-=31m=34dobj=31jwjxk=36dc=2Ecom?=
 =?UTF-8?Q?/=22=3E=E3=82=AA=E3=83=B3=E3=83=A9=E3=82=A4=E3=83=B3=E3=82=AB?=
 =?UTF-8?Q?=E3=82=B8=E3=83=8E=E6=AF=94=E8=BC=83=3C/a=3E=2C=20=5Burl=3D=22h?=
 =?UTF-8?Q?ttp=3A//xn--the=32=33-=31m=34dobj=31jwjxk=36dc=2Ecom/=22=5D?=
 =?UTF-8?Q?=E3=82=AA=E3=83=B3=E3=83=A9=E3=82=A4=E3=83=B3=E3=82=AB=E3=82=B8?=
 =?UTF-8?Q?=E3=83=8E=E6=AF=94=E8=BC=83=5B/url=5D=2C=20http=3A//xn--the=32?=
 =?UTF-8?Q?=33-=31m=34dobj=31jwjxk=36dc=2Ecom/=20=E3=82=AA=E3=83=B3?=
 =?UTF-8?Q?=E3=83=A9=E3=82=A4=E3=83=B3=E3=82=AB=E3=82=B8=E3=83=8E=E6=AF=94?=
 =?UTF-8?Q?=E8=BC=83=2C=20=20=37=33=34=31=2C=20?=
X-Originating-IP: 216.151.137.36
From: vhubstrg@irxoctwr.com (vhubstrg at irxoctwr.com)
Content-Type: text/plain;charset="utf-8";
Content-Transfer-Encoding: 8bit
Reply-To: vhubstrg@irxoctwr.com (vhubstrg at irxoctwr.com)
Message-Id: <907892565_c70b3c5a200b92b9d0f49de38daa0a89@irxoctwr.com>
MIME-Version: 1.0

Apr 29 11:10:09 216.151.137.36 (pid 30840) mail fmas@menara.ma
In the japanese city council to shut them all down was blocked by popular
 opposition. Last month, amendments to the other most amazing thing about
 reading what's below is insightful., <a =?UTF-8?Q?href=3D=22http=3A//onli?=
 =?UTF-8?Q?necasinoaustraliazone=2Ecom/=20=22=3Eplay=20online=20slots=20fo?=
 =?UTF-8?Q?r=20free=3C/a=3E=2C=20=5Burl=3D=22http=3A//onlinecasinoaustrali?=
 =?UTF-8?Q?azone=2Ecom/=20=22=5Dplay=20online=20slots=20for=20free=5B/url?=
 =?UTF-8?Q?=5D=2C=20=20=3A=5B=5B=2C=20=3Ca=20href=3D=22http=3A//bestcasino?=
 =?UTF-8?Q?clubcom=2Ecom/=22=3Ebiggest=20online=20casino=3C/a=3E=2C=20=5Bu?=
 =?UTF-8?Q?rl=3D=22http=3A//bestcasinoclubcom=2Ecom/=22=5Dbiggest=20online?=
 =?UTF-8?Q?=20casino=5B/url=5D=2C=20=20dsxa=2C=20?=
X-Originating-IP: 216.151.137.36
From: nplmsesf@daqgxafr.com (nplmsesf at daqgxafr.com)
Content-Type: text/plain;charset="utf-8";
Content-Transfer-Encoding: 8bit
Reply-To: nplmsesf@daqgxafr.com (nplmsesf at daqgxafr.com)
Message-Id: <396337831_ba537db7cc96dbd78755d8e308b8f0d0@daqgxafr.com>
MIME-Version: 1.0

Apr 30 14:38:37 105.158.66.28 (pid 22851) mail fmas@menara.ma
=?UTF-8?Q?=D8=A7=D8=B3=D8=AA=D9=81=D8=B3=D8=A7=D8=B1?=
X-Originating-IP: 105.158.66.28
From: massinedimrane@yahoo.fr (massinedimrane at yahoo.fr)
Content-Type: text/plain;charset="utf-8";
Content-Transfer-Encoding: 8bit
Reply-To: massinedimrane@yahoo.fr (massinedimrane at yahoo.fr)
Message-Id: <400454899_98b3352c78ec5ee43f82233c9444926f@yahoo.fr>
MIME-Version: 1.0

May 05 05:59:21 41.254.8.190 (pid 1635) mail fmas@menara.ma
=?UTF-8?Q?=D8=AD=D8=B6=D9=88=D8=B1=20=D8=A7=D8=B4=D8=BA=D8=A7=D9=84=20?=
 =?UTF-8?Q?=D8=A7=D9=84=D8=AC=D8=A7=D9=85=D8=B9=D8=A9=20=D8=A7=D9=84=D8=AF?=
 =?UTF-8?Q?=D9=88=D9=84=D9=8A=D8=A9=20?=
X-Originating-IP: 41.254.8.190
From: info@media.gov.ly (info at media.gov.ly)
Content-Type: text/plain;charset="utf-8";
Content-Transfer-Encoding: 8bit
Reply-To: info@media.gov.ly (info at media.gov.ly)
Message-Id: <364501704_c21d063f433795ff1959276849b050f4@media.gov.ly>
MIME-Version: 1.0

May 05 18:26:45 41.141.219.64 (pid 4663) mail fmas@menara.ma
=?UTF-8?Q?=D8=A7=D9=84=D8=AA=D8=B3=D8=AC=D9=8A=D9=84=20=D9=81=D9=8A=20?=
 =?UTF-8?Q?=D8=A7=D9=84=D9=85=D9=86=D8=AA=D8=AF=D9=89=20=D9=83=D8=B9=D8=B6?=
 =?UTF-8?Q?=D9=88?=
X-Originating-IP: 41.141.219.64
From: harz_147@hotmail.com (harz_147 at hotmail.com)
Content-Type: text/plain;charset="utf-8";
Content-Transfer-Encoding: 8bit
Reply-To: harz_147@hotmail.com (harz_147 at hotmail.com)
Message-Id: <817317380_39d5a28c15fbbeb0aac87ac980762e2d@hotmail.com>
MIME-Version: 1.0

May 13 07:43:52 41.137.23.67 (pid 21156) mail fmas@menara.ma
Participer au forum
X-Originating-IP: 41.137.23.67
From: Tarkaoui.Tarkaoui@gmail.com (Tarkaoui.Tarkaoui at gmail.com)
Content-Type: text/plain;charset="utf-8";
Content-Transfer-Encoding: 8bit
Reply-To: Tarkaoui.Tarkaoui@gmail.com (Tarkaoui.Tarkaoui at gmail.com)
Message-Id: <1882626977_c422417ac809b288f447c4bb539c5114@gmail.com>
MIME-Version: 1.0

May 17 07:27:16 41.249.215.154 (pid 13527) mail fmas@menara.ma
=?UTF-8?Q?=D8=A7=D9=84=D8=AD=D8=B1=D9=83=D8=A7=D8=AA=20=D8=A7=D9=84=D8=A7?=
 =?UTF-8?Q?=D8=AD=D8=AA=D8=AF=D8=A7=D8=AC=D9=8A=D8=A9=20=D8=A8=D8=A7=D9=84?=
 =?UTF-8?Q?=D9=85=D8=BA=D8=B1=D8=A8?=
X-Originating-IP: 41.249.215.154
From: stati_elhabib@hotmail.fr (stati_elhabib at hotmail.fr)
Content-Type: text/plain;charset="utf-8";
Content-Transfer-Encoding: 8bit
Reply-To: stati_elhabib@hotmail.fr (stati_elhabib at hotmail.fr)
Message-Id: <682190525_ed688f8b79ae8b3059a3cc16ea9fa5f2@hotmail.fr>
MIME-Version: 1.0

Jun 10 05:58:03 105.157.6.180 (pid 11480) mail fmas@menara.ma
Refone Site Web
X-Originating-IP: 105.157.6.180
From: rajae.moumen@gmail.com (rajae.moumen at gmail.com)
Content-Type: text/plain;charset="utf-8";
Content-Transfer-Encoding: 8bit
Reply-To: rajae.moumen@gmail.com (rajae.moumen at gmail.com)
Message-Id: <169171594_1d665aa754974c5b78b5450a9d82ec5b@gmail.com>
MIME-Version: 1.0

Jun 11 10:55:50 70.48.143.239 (pid 2855) mail fmas@menara.ma
projet de recherche universitaire
X-Originating-IP: 70.48.143.239
From: elmo.fatima@gmail.com (elmo.fatima at gmail.com)
Content-Type: text/plain;charset="utf-8";
Content-Transfer-Encoding: 8bit
Reply-To: elmo.fatima@gmail.com (elmo.fatima at gmail.com)
Message-Id: <236923765_b8ff664cf333a7d906da7a4b19aa4d82@gmail.com>
MIME-Version: 1.0

Jun 16 09:01:20 41.250.120.152 (pid 24459) mail fmas@menara.ma
participation
X-Originating-IP: 41.250.120.152
From: artscultures@viadeo.com (artscultures at viadeo.com)
Content-Type: text/plain;charset="utf-8";
Content-Transfer-Encoding: 8bit
Reply-To: artscultures@viadeo.com (artscultures at viadeo.com)
Message-Id: <1606434905_fb98076ac00f9a0e28f6a0a8d8247a21@viadeo.com>
MIME-Version: 1.0

Jun 19 09:18:52 41.251.174.198 (pid 11136) mail fmas@menara.ma
=?UTF-8?Q?impossibilit=C3=A9=20d=27acces=20aux=20documents=20?=
X-Originating-IP: 41.251.174.198
From: laretta2004@yahoo.it  (laretta2004 at yahoo.it )
Content-Type: text/plain;charset="utf-8";
Content-Transfer-Encoding: 8bit
Reply-To: laretta2004@yahoo.it  (laretta2004 at yahoo.it )
Message-Id: <76849516_7ca12b691810d149be9a5a7b709bcc22@yahoo.it>
MIME-Version: 1.0

Jul 23 09:59:59 41.248.254.30 (pid 6703) mail fmas@menara.ma
Interview Kamal lahbib diffusion
X-Originating-IP: 41.248.254.30
From: noonpresse@gmail.com (noonpresse at gmail.com)
Content-Type: text/plain;charset="utf-8";
Content-Transfer-Encoding: 8bit
Reply-To: noonpresse@gmail.com (noonpresse at gmail.com)
Message-Id: <22313515_6f451f2f53cb97a34776ef1770d19f5e@gmail.com>
MIME-Version: 1.0

Aug 27 17:40:26 41.251.222.180 (pid 4383) mail fmas@menara.ma
demande =?UTF-8?Q?d=27adh=C3=A9sion?=
X-Originating-IP: 41.251.222.180
From: belhoussinemeryem17@gmail.com (belhoussinemeryem17 at gmail.com)
Content-Type: text/plain;charset="utf-8";
Content-Transfer-Encoding: 8bit
Reply-To: belhoussinemeryem17@gmail.com (belhoussinemeryem17 at gmail.com)
Message-Id: <1807576205_f510d375482cad6b05f0cc3290a884ce@gmail.com>
MIME-Version: 1.0

Sep 07 11:07:22 41.137.76.192 (pid 25180) mail fmas@menara.ma
Demande de soutien pour la participation =?UTF-8?Q?=C3=A0=20la=20=36?=
 =?UTF-8?Q?=C3=A8me=20session=20d=E2=80=99enseignements=20en=20droits=20de?=
 =?UTF-8?Q?=20l=E2=80=99Homme=20=C3=A0=20Dakar?=
X-Originating-IP: 41.137.76.192
From: msamoura2@gmail.com (msamoura2 at gmail.com)
Content-Type: text/plain;charset="utf-8";
Content-Transfer-Encoding: 8bit
Reply-To: msamoura2@gmail.com (msamoura2 at gmail.com)
Message-Id: <130007696_3b2adfd80f842368c213b221e6b08f37@gmail.com>
MIME-Version: 1.0

Sep 15 10:15:36 2.5.178.109 (pid 32315) mail fmas@menara.ma
Questions sur les =?UTF-8?Q?formalit=C3=A9s=20d=27adh=C3=A9sion=20au=20FM?=
 =?UTF-8?Q?AS?=
X-Originating-IP: 2.5.178.109
From: drissmouhajir@gmail.com (drissmouhajir at gmail.com)
Content-Type: text/plain;charset="utf-8";
Content-Transfer-Encoding: 8bit
Reply-To: drissmouhajir@gmail.com (drissmouhajir at gmail.com)
Message-Id: <154172588_4d0297f84d29243df225261f8d4182b1@gmail.com>
MIME-Version: 1.0

Oct 11 04:17:10 41.248.145.95 (pid 18610) mail fmas@menara.ma
   demande de travail a ville tanger   merci
X-Originating-IP: 41.248.145.95
From: boussaguia.rachid@gmail.com (boussaguia.rachid at gmail.com)
Content-Type: text/plain;charset="utf-8";
Content-Transfer-Encoding: 8bit
Reply-To: boussaguia.rachid@gmail.com (boussaguia.rachid at gmail.com)
Message-Id: <2111672359_9da11b98efc2688e484f203ec4e6dda9@gmail.com>
MIME-Version: 1.0

Oct 13 06:26:49 92.225.124.65 (pid 22386) mail fmas@menara.ma
Stage
X-Originating-IP: 92.225.124.65
From: till_dahlmueller@posteo.de (till_dahlmueller at posteo.de)
Content-Type: text/plain;charset="utf-8";
Content-Transfer-Encoding: 8bit
Reply-To: till_dahlmueller@posteo.de (till_dahlmueller at posteo.de)
Message-Id: <1520260725_82b4204a4fb39da4b7b041342e11cd8c@posteo.de>
MIME-Version: 1.0

Oct 14 05:26:38 197.153.58.45 (pid 21883) mail fmas@menara.ma
=?UTF-8?Q?Enqu=C3=AAte=20Abderrahmane=20Rachik?=
X-Originating-IP: 197.153.58.45
From: louise.yvon@laposte.net (louise.yvon at laposte.net)
Content-Type: text/plain;charset="utf-8";
Content-Transfer-Encoding: 8bit
Reply-To: louise.yvon@laposte.net (louise.yvon at laposte.net)
Message-Id: <350764061_6a451aa86d692d0d6999c7fe0cea6cb9@laposte.net>
MIME-Version: 1.0

Nov 10 14:01:32 105.158.18.53 (pid 13729) mail fmas@menara.ma
inscription
X-Originating-IP: 105.158.18.53
From: boutbaoucht@hotmail.com (boutbaoucht at hotmail.com)
Content-Type: text/plain;charset="utf-8";
Content-Transfer-Encoding: 8bit
Reply-To: boutbaoucht@hotmail.com (boutbaoucht at hotmail.com)
Message-Id: <95224376_077dd22f2c93cfa927dc15dd36f0cb34@hotmail.com>
MIME-Version: 1.0

Nov 10 15:46:58 197.130.55.134 (pid 28630) mail fmas@menara.ma
a propos de farmaion
X-Originating-IP: 197.130.55.134
From: lachgarmbark05@gmail.com (lachgarmbark05 at gmail.com)
Content-Type: text/plain;charset="utf-8";
Content-Transfer-Encoding: 8bit
Reply-To: lachgarmbark05@gmail.com (lachgarmbark05 at gmail.com)
Message-Id: <159008937_3acdf1e2cc457338dd7edafc34ef02d0@gmail.com>
MIME-Version: 1.0

Nov 10 15:46:58 197.130.55.134 (pid 28635) mail fmas@menara.ma
a propos de farmaion
X-Originating-IP: 197.130.55.134
From: lachgarmbark05@gmail.com (lachgarmbark05 at gmail.com)
Content-Type: text/plain;charset="utf-8";
Content-Transfer-Encoding: 8bit
Reply-To: lachgarmbark05@gmail.com (lachgarmbark05 at gmail.com)
Message-Id: <734824861_3acdf1e2cc457338dd7edafc34ef02d0@gmail.com>
MIME-Version: 1.0

Nov 16 13:16:50 197.203.172.153 (pid 2686) mail siidouu@gmail.com
[Forum des Alternatives Maroc] Identifiants personnels
From: siidouu@gmail.com (siidouu at gmail.com)
Content-Type: text/plain;charset="utf-8";
Content-Transfer-Encoding: 8bit
Reply-To: siidouu@gmail.com (siidouu at gmail.com)
Message-Id: <880182260_df7450045ac833ac72e3f2514ec1088f@gmail.com>
MIME-Version: 1.0

Nov 23 15:18:36 216.185.45.44 (pid 12474) mail meroane-bosse@live.fr
[Forum des Alternatives Maroc] Identifiants personnels
From: meroane-bosse@live.fr (meroane-bosse at live.fr)
Content-Type: text/plain;charset="utf-8";
Content-Transfer-Encoding: 8bit
Reply-To: meroane-bosse@live.fr (meroane-bosse at live.fr)
Message-Id: <968231516_bafcef461a29c54015870ff77ec80e9c@live.fr>
MIME-Version: 1.0

Nov 28 07:39:58 91.207.9.222 (pid 29370) mail fmas@menara.ma
cuFPmL  <a =?UTF-8?Q?href=3D=22http=3A//enzcfkjegssj=2Ecom/=22=3Eenzcfkje?=
 =?UTF-8?Q?gssj=3C/a=3E=2C=20=5Burl=3Dhttp=3A//msevgtyiofmy=2Ecom/=5Dmsevg?=
 =?UTF-8?Q?tyiofmy=5B/url=5D=2C=20=5Blink=3Dhttp=3A//ihqknurturql=2Ecom/?=
 =?UTF-8?Q?=5Dihqknurturql=5B/link=5D=2C=20http=3A//klnmbxcnyzmt=2Ecom/?=
X-Originating-IP: 91.207.9.222
From: olxmfk@hypiim.com (olxmfk at hypiim.com)
Content-Type: text/plain;charset="utf-8";
Content-Transfer-Encoding: 8bit
Reply-To: olxmfk@hypiim.com (olxmfk at hypiim.com)
Message-Id: <1167875781_e220b839950dd44af39c2c9b4f7964cd@hypiim.com>
MIME-Version: 1.0

Nov 28 22:03:51 91.207.9.230 (pid 25581) mail fmas@menara.ma
8Yp3kv  <a =?UTF-8?Q?href=3D=22http=3A//ynxwdnmcpucz=2Ecom/=22=3Eynxwdnmc?=
 =?UTF-8?Q?pucz=3C/a=3E=2C=20=5Burl=3Dhttp=3A//edlfxtkwznyp=2Ecom/=5Dedlfx?=
 =?UTF-8?Q?tkwznyp=5B/url=5D=2C=20=5Blink=3Dhttp=3A//wulnwtsodjaa=2Ecom/?=
 =?UTF-8?Q?=5Dwulnwtsodjaa=5B/link=5D=2C=20http=3A//tgayxsslsxmc=2Ecom/?=
X-Originating-IP: 91.207.9.230
From: sjkxei@ufnmel.com (sjkxei at ufnmel.com)
Content-Type: text/plain;charset="utf-8";
Content-Transfer-Encoding: 8bit
Reply-To: sjkxei@ufnmel.com (sjkxei at ufnmel.com)
Message-Id: <1279773390_94c2e8708eab7968ad7af53addf6d9f1@ufnmel.com>
MIME-Version: 1.0

Nov 29 03:38:53 197.204.12.200 (pid 22549) mail dr_f8@hotmail.com
[Forum des Alternatives Maroc] Identifiants personnels
From: dr_f8@hotmail.com (dr_f8 at hotmail.com)
Content-Type: text/plain;charset="utf-8";
Content-Transfer-Encoding: 8bit
Reply-To: dr_f8@hotmail.com (dr_f8 at hotmail.com)
Message-Id: <1364827484_a4894f7591e34808fb9f87728f08b548@hotmail.com>
MIME-Version: 1.0

Dec 01 10:36:43 105.152.74.50 (pid 4963) mail fmas@menara.ma
projet TGV Maroc
X-Originating-IP: 105.152.74.50
From: dpc.hatim@yahoo.fr (dpc.hatim at yahoo.fr)
Content-Type: text/plain;charset="utf-8";
Content-Transfer-Encoding: 8bit
Reply-To: dpc.hatim@yahoo.fr (dpc.hatim at yahoo.fr)
Message-Id: <479481496_b35b1f78ecb278015f9dadd6dc716cda@yahoo.fr>
MIME-Version: 1.0

Dec 03 15:31:44 46.161.41.31 (pid 19444) mail fmas@menara.ma
MtShsf  <a =?UTF-8?Q?href=3D=22http=3A//bpotwyqpbyuo=2Ecom/=22=3Ebpotwyqp?=
 =?UTF-8?Q?byuo=3C/a=3E=2C=20=5Burl=3Dhttp=3A//ddrgfnjywjvs=2Ecom/=5Dddrgf?=
 =?UTF-8?Q?njywjvs=5B/url=5D=2C=20=5Blink=3Dhttp=3A//ljbhdxnhwxqm=2Ecom/?=
 =?UTF-8?Q?=5Dljbhdxnhwxqm=5B/link=5D=2C=20http=3A//gkjhrfgupufj=2Ecom/?=
X-Originating-IP: 46.161.41.31
From: vtrzfk@vouhod.com (vtrzfk at vouhod.com)
Content-Type: text/plain;charset="utf-8";
Content-Transfer-Encoding: 8bit
Reply-To: vtrzfk@vouhod.com (vtrzfk at vouhod.com)
Message-Id: <1309849908_60b175bba65713be3fac0256899c4af2@vouhod.com>
MIME-Version: 1.0

Dec 07 14:34:19 208.123.223.120 (pid 23615) mail treat_EH@yahoo.com
[Forum des Alternatives Maroc] Identifiants personnels
From: treat_EH@yahoo.com (treat_EH at yahoo.com)
Content-Type: text/plain;charset="utf-8";
Content-Transfer-Encoding: 8bit
Reply-To: treat_EH@yahoo.com (treat_EH at yahoo.com)
Message-Id: <635217867_9e0f98ea28f9a1b803c7931a443a07ee@yahoo.com>
MIME-Version: 1.0

Dec 07 18:09:53 134.3.101.131 (pid 10142) mail eyad@yopmail.com
[Forum des Alternatives Maroc] Identifiants personnels
From: eyad@yopmail.com (eyad at yopmail.com)
Content-Type: text/plain;charset="utf-8";
Content-Transfer-Encoding: 8bit
Reply-To: eyad@yopmail.com (eyad at yopmail.com)
Message-Id: <1090197121_84e4f4dd403c7594eedd4fa46fcbfd98@yopmail.com>
MIME-Version: 1.0

